<?xml version="1.0" encoding="UTF-8"?>
<!-- Generated by org.testng.reporters.JUnitReportReporter -->
<testsuite hostname="DESKTOP-45VA84T" failures="0" tests="1" name="testCases.BaseClass" time="0.068" errors="0" timestamp="2025-01-18T19:03:21 IST" skipped="0">
  <testcase classname="testCases.BaseClass" name="testbase" time="0.068"/>
</testsuite> <!-- testCases.BaseClass -->
