<?xml version="1.0" encoding="UTF-8"?>
<!-- Generated by org.testng.reporters.JUnitReportReporter -->
<testsuite hostname="DESKTOP-45VA84T" failures="0" tests="2" name="testCases.RegisterUserTest" time="28.332" errors="0" timestamp="2025-01-20T07:43:00 IST" skipped="0">
  <testcase classname="testCases.RegisterUserTest" name="testbase" time="0.265"/>
  <testcase classname="testCases.RegisterUserTest" name="registerUser" time="28.067"/>
</testsuite> <!-- testCases.RegisterUserTest -->
